**********************
Windows PowerShell transcript start
Start time: 20220517103022
Username: DESKTOP-HG9KK6L\far
RunAs User: DESKTOP-HG9KK6L\far
Configuration Name: 
Machine: DESKTOP-HG9KK6L (Microsoft Windows NT 10.0.19044.0)
Host Application: C:\Windows\System32\WindowsPowerShell\v1.0\powershell.exe
Process ID: 16760
PSVersion: 5.1.19041.1682
PSEdition: Desktop
PSCompatibleVersions: 1.0, 2.0, 3.0, 4.0, 5.0, 5.1.19041.1682
BuildVersion: 10.0.19041.1682
CLRVersion: 4.0.30319.42000
WSManStackVersion: 3.0
PSRemotingProtocolVersion: 2.3
SerializationVersion: 1.1.0.1
**********************
Transcript started, output file is .\MainLogFile.log
[2022-05-17-1030 | desktop-hg9kk6l\far | C:\repositories\reusecode\scenario1\main.ps1 (L 11)] main File
[2022-05-17-1030 | desktop-hg9kk6l\far | C:\repositories\reusecode\scenario1\common\script-code\powershell\includedfile-v1.ps1 (L 7)] Hi!! using included file function and variable from preferences Fred
[2022-05-17-1030 | desktop-hg9kk6l\far | C:\repositories\reusecode\scenario1\main.ps1 (L 13)] Success event
[2022-05-17-1030 | desktop-hg9kk6l\far | C:\repositories\reusecode\scenario1\main.ps1 (L 14)] error event
[2022-05-17-1030 | desktop-hg9kk6l\far | C:\repositories\reusecode\scenario1\main.ps1 (L 15)] Some
**********************
Windows PowerShell transcript end
End time: 20220517103022
**********************
